TN:
SF:src/calculator.js
FN:1,(anonymous_0)
FN:5,(anonymous_1)
FN:9,(anonymous_2)
FN:13,(anonymous_3)
FNF:4
FNH:4
FNDA:1,(anonymous_0)
FNDA:1,(anonymous_1)
FNDA:1,(anonymous_2)
FNDA:1,(anonymous_3)
DA:1,1
DA:2,1
DA:5,1
DA:6,1
DA:9,1
DA:10,1
DA:13,1
DA:14,1
DA:17,1
LF:9
LH:9
BRF:0
BRH:0
end_of_record
TN:
SF:src/contaBancaria.js
FN:2,(anonymous_0)
FN:6,(anonymous_1)
FN:10,(anonymous_2)
FN:14,(anonymous_3)
FN:18,(anonymous_4)
FN:22,(anonymous_5)
FN:26,(anonymous_6)
FN:34,(anonymous_7)
FN:46,(anonymous_8)
FN:53,(anonymous_9)
FN:60,(anonymous_10)
FN:67,(anonymous_11)
FN:74,(anonymous_12)
FN:79,(anonymous_13)
FN:86,(anonymous_14)
FN:93,(anonymous_15)
FN:97,(anonymous_16)
FN:107,(anonymous_17)
FN:111,(anonymous_18)
FN:121,(anonymous_19)
FN:133,(anonymous_20)
FNF:21
FNH:21
FNDA:63,(anonymous_0)
FNDA:20,(anonymous_1)
FNDA:5,(anonymous_2)
FNDA:9,(anonymous_3)
FNDA:2,(anonymous_4)
FNDA:5,(anonymous_5)
FNDA:7,(anonymous_6)
FNDA:9,(anonymous_7)
FNDA:4,(anonymous_8)
FNDA:2,(anonymous_9)
FNDA:2,(anonymous_10)
FNDA:3,(anonymous_11)
FNDA:8,(anonymous_12)
FNDA:4,(anonymous_13)
FNDA:4,(anonymous_14)
FNDA:2,(anonymous_15)
FNDA:3,(anonymous_16)
FNDA:5,(anonymous_17)
FNDA:2,(anonymous_18)
FNDA:8,(anonymous_19)
FNDA:2,(anonymous_20)
DA:3,63
DA:7,20
DA:11,5
DA:15,9
DA:19,2
DA:23,5
DA:27,7
DA:29,5
DA:30,5
DA:31,5
DA:35,9
DA:37,7
DA:39,7
DA:41,6
DA:42,6
DA:43,6
DA:47,4
DA:49,1
DA:50,1
DA:54,2
DA:56,1
DA:57,1
DA:61,2
DA:63,1
DA:64,1
DA:68,3
DA:70,1
DA:71,1
DA:75,8
DA:76,8
DA:80,4
DA:82,2
DA:83,2
DA:87,4
DA:89,3
DA:90,3
DA:94,2
DA:98,3
DA:100,1
DA:101,1
DA:103,1
DA:104,1
DA:108,5
DA:112,2
DA:122,8
DA:123,7
DA:124,6
DA:125,5
DA:126,4
DA:127,1
DA:130,3
DA:134,2
DA:135,2
DA:136,2
DA:137,2
DA:141,1
LF:56
LH:56
BRDA:27,0,0,2
BRDA:27,0,1,5
BRDA:35,1,0,2
BRDA:35,1,1,7
BRDA:39,2,0,1
BRDA:39,2,1,6
BRDA:47,3,0,3
BRDA:47,3,1,1
BRDA:54,4,0,1
BRDA:54,4,1,1
BRDA:61,5,0,1
BRDA:61,5,1,1
BRDA:68,6,0,2
BRDA:68,6,1,1
BRDA:76,7,0,8
BRDA:76,7,1,5
BRDA:80,8,0,2
BRDA:80,8,1,2
BRDA:87,9,0,1
BRDA:87,9,1,3
BRDA:98,10,0,2
BRDA:98,10,1,1
BRDA:101,11,0,0
BRDA:101,11,1,1
BRDA:122,12,0,1
BRDA:122,12,1,7
BRDA:123,13,0,1
BRDA:123,13,1,6
BRDA:124,14,0,1
BRDA:124,14,1,5
BRDA:125,15,0,1
BRDA:125,15,1,4
BRDA:126,16,0,1
BRDA:126,16,1,3
BRF:34
BRH:33
end_of_record
TN:
SF:src/pessoa.js
FN:2,(anonymous_0)
FN:7,(anonymous_1)
FN:11,(anonymous_2)
FNF:3
FNH:3
FNDA:4,(anonymous_0)
FNDA:2,(anonymous_1)
FNDA:2,(anonymous_2)
DA:3,4
DA:4,4
DA:8,2
DA:12,2
DA:16,1
LF:5
LH:5
BRF:0
BRH:0
end_of_record
TN:
SF:src/utilitarios.js
FN:2,(anonymous_0)
FN:6,(anonymous_1)
FN:10,(anonymous_2)
FN:14,(anonymous_3)
FN:18,(anonymous_4)
FN:22,(anonymous_5)
FN:26,(anonymous_6)
FN:30,(anonymous_7)
FN:34,(anonymous_8)
FN:39,(anonymous_9)
FN:43,(anonymous_10)
FN:47,(anonymous_11)
FN:51,(anonymous_12)
FN:55,(anonymous_13)
FN:59,(anonymous_14)
FN:63,(anonymous_15)
FN:67,(anonymous_16)
FN:71,(anonymous_17)
FN:75,(anonymous_18)
FN:79,(anonymous_19)
FN:83,(anonymous_20)
FN:87,(anonymous_21)
FN:89,(anonymous_22)
FN:92,(anonymous_23)
FN:96,(anonymous_24)
FN:101,(anonymous_25)
FNF:26
FNH:26
FNDA:3,(anonymous_0)
FNDA:3,(anonymous_1)
FNDA:3,(anonymous_2)
FNDA:3,(anonymous_3)
FNDA:3,(anonymous_4)
FNDA:3,(anonymous_5)
FNDA:3,(anonymous_6)
FNDA:3,(anonymous_7)
FNDA:4,(anonymous_8)
FNDA:5,(anonymous_9)
FNDA:2,(anonymous_10)
FNDA:2,(anonymous_11)
FNDA:3,(anonymous_12)
FNDA:3,(anonymous_13)
FNDA:3,(anonymous_14)
FNDA:40,(anonymous_15)
FNDA:5,(anonymous_16)
FNDA:3,(anonymous_17)
FNDA:3,(anonymous_18)
FNDA:3,(anonymous_19)
FNDA:4,(anonymous_20)
FNDA:4,(anonymous_21)
FNDA:7,(anonymous_22)
FNDA:3,(anonymous_23)
FNDA:4,(anonymous_24)
FNDA:4,(anonymous_25)
DA:3,3
DA:7,3
DA:11,3
DA:15,3
DA:19,3
DA:23,3
DA:27,3
DA:31,3
DA:35,4
DA:36,3
DA:40,5
DA:44,2
DA:48,2
DA:52,3
DA:56,3
DA:60,3
DA:64,40
DA:68,5
DA:72,3
DA:76,3
DA:80,3
DA:84,4
DA:88,4
DA:89,7
DA:93,3
DA:97,4
DA:98,4
DA:102,4
DA:106,1
LF:29
LH:29
BRDA:35,0,0,1
BRDA:35,0,1,3
BRDA:63,1,0,20
BRDA:68,2,0,5
BRDA:68,2,1,4
BRDA:79,3,0,1
BRDA:88,4,0,1
BRDA:88,4,1,3
BRF:8
BRH:8
end_of_record
